
> holistic-community-protocol@0.1.0 build
> next build

  ▲ Next.js 14.2.35
  - Environments: .env.local

   Creating an optimized production build ...
Failed to compile.

./node_modules/postgres/src/connection.js
Module not found: Can't resolve 'net'

https://nextjs.org/docs/messages/module-not-found

Import trace for requested module:
./node_modules/postgres/src/index.js
./lib/db.ts
./lib/sme-scoring.ts
./components/community/FilterBar.tsx

./node_modules/postgres/src/connection.js
Module not found: Can't resolve 'tls'

https://nextjs.org/docs/messages/module-not-found

Import trace for requested module:
./node_modules/postgres/src/index.js
./lib/db.ts
./lib/sme-scoring.ts
./components/community/FilterBar.tsx

./node_modules/postgres/src/connection.js
Module not found: Can't resolve 'perf_hooks'

https://nextjs.org/docs/messages/module-not-found

Import trace for requested module:
./node_modules/postgres/src/index.js
./lib/db.ts
./lib/sme-scoring.ts
./components/community/FilterBar.tsx

./node_modules/postgres/src/index.js
Module not found: Can't resolve 'fs'

https://nextjs.org/docs/messages/module-not-found

Import trace for requested module:
./lib/db.ts
./lib/sme-scoring.ts
./components/community/FilterBar.tsx


> Build failed because of webpack errors
