  ▲ Next.js 14.2.35
  - Environments: .env.local

   Creating an optimized production build ...
Failed to compile.

./components/wizard/ProductWizardV2.tsx
Error: 
  [31mx[0m Unexpected token `div`. Expected jsx identifier
     ,-[[36;1;4m/Users/richardwhite/Library/Mobile Documents/com~apple~CloudDocs/SME v3/components/wizard/ProductWizardV2.tsx[0m:411:1]
 [2m411[0m |     const allergens = watch("allergens");
 [2m412[0m |     const dietaryTags = watch("dietary_tags");
 [2m413[0m | 
 [2m414[0m |     return <div className="min-h-screen bg-[#0a0a0a] text-[#e5e5e5] font-mono">
     : [31;1m            ^^^[0m
 [2m415[0m | 
 [2m416[0m |         {/* SMART START HERO */}
 [2m417[0m |         <div className="bg-gradient-to-b from-emerald-900/30 to-[#0a0a0a] border-b border-[#333] pt-12 pb-8 px-6">
     `----

Caused by:
    Syntax Error

Import trace for requested module:
./components/wizard/ProductWizardV2.tsx
./app/products/submit/page.tsx


> Build failed because of webpack errors
