  ▲ Next.js 14.2.35
  - Environments: .env.local

   Creating an optimized production build ...
Failed to compile.

./components/wizard/ProductWizardV2.tsx
Error: 
  [31mx[0m Expression expected
      ,-[[36;1;4m/Users/richardwhite/Library/Mobile Documents/com~apple~CloudDocs/SME v3/components/wizard/ProductWizardV2.tsx[0m:1045:1]
 [2m1045[0m |             </div>
 [2m1046[0m |         </div>
 [2m1047[0m |     </div>
 [2m1048[0m |     );
      : [31;1m    ^[0m
 [2m1049[0m | }
      `----

Caused by:
    Syntax Error

Import trace for requested module:
./components/wizard/ProductWizardV2.tsx
./app/products/submit/page.tsx


> Build failed because of webpack errors
